
> @ecommerce/products-hub@0.1.0 dev
> rspack serve --mode development

🔧 PRODUCTS-HUB RSPACK CONFIG - MODULE FEDERATION
Environment: DEVELOPMENT
Port: 3107
<i> [webpack-dev-server] Project is running at:
<i> [webpack-dev-server] Loopback: http://localhost:3107/, http://[::1]:3107/
<i> [webpack-dev-server] On Your Network (IPv4): http://192.168.1.110:3107/
<i> [webpack-dev-server] On Your Network (IPv6): http://[fd3e:8345:d1ff:5a40:10d2:db62:9b8f:522f]:3107/
<i> [webpack-dev-server] Content not from webpack is served from '/Users/Mahesh.Sangawar/personal/tesseract-hub/domains/ecommerce/mfes/products-hub/public' directory
<i> [webpack-dev-server] 404s will fallback to '/index.html'
[ Module Federation Manifest Plugin ] Manifest Link: http://localhost:3107/mf-manifest.json 
WARNING in ../../../../packages/shared/src/auth/index.ts
  ⚠ ESModulesLinkingWarning: The requested module './mfeAuthHelper' contains conflicting star exports for the name 'isAuthenticated' with the previous requested module './token'
   ╭─[3:0]
 1 │ export * from './token';
 2 │ export * from './TokenDetails';
 3 │ export * from './mfeAuthHelper'; // Export other auth-related modules as they are added
   · ────────────────────────────────
   ╰────

Rspack compiled with 1 warning in 3.16 s
[ Module Federation DTS ] Error: Failed to generate type declaration. Execute the below cmd to reproduce and fix the error. #TYPE-001
args: {"cmd":"npx tsc --project /Users/Mahesh.Sangawar/personal/tesseract-hub/domains/ecommerce/mfes/products-hub/node_modules/.federation/tsconfig.1780ebcde75497d8d89162cde456b8e9.json"}
View the docs to see how to solve: https://module-federation.io/guide/troubleshooting/type/TYPE-001
    at /Users/Mahesh.Sangawar/personal/tesseract-hub/node_modules/.pnpm/@module-federation+dts-plugin@0.15.0_typescript@5.8.3/node_modules/@module-federation/dts-plugin/dist/fork-generate-dts.js:401:13
    at Generator.next (<anonymous>)
    at fulfilled (/Users/Mahesh.Sangawar/personal/tesseract-hub/node_modules/.pnpm/@module-federation+dts-plugin@0.15.0_typescript@5.8.3/node_modules/@module-federation/dts-plugin/dist/fork-generate-dts.js:66:24)
Error: Can't set headers after they are sent.
    at SendStream.headersAlreadySent (/Users/Mahesh.Sangawar/personal/tesseract-hub/node_modules/.pnpm/send@0.19.0/node_modules/send/index.js:386:13)
    at SendStream.send (/Users/Mahesh.Sangawar/personal/tesseract-hub/node_modules/.pnpm/send@0.19.0/node_modules/send/index.js:612:10)
    at /Users/Mahesh.Sangawar/personal/tesseract-hub/node_modules/.pnpm/send@0.19.0/node_modules/send/index.js:769:12
    at FSReqCallback.oncomplete (node:fs:200:5)
